<?xml version="1.0" encoding="UTF-8"?>
<!-- Generated by org.testng.reporters.JUnitReportReporter -->
<testsuite skipped="0" hostname="LAPTOP-4A09D7UF" name="test.testclass" tests="4" failures="0" timestamp="2020-12-25T09:12:56 IST" time="34.238" errors="0">
  <testcase name="testtwo" time="21.704" classname="test.testclass"/>
  <system-out/>
  <testcase name="testin" time="0.001" classname="test.testclass"/>
  <system-out/>
  <testcase name="testone" time="12.524" classname="test.testclass"/>
  <system-out/>
  <testcase name="testing" time="0.009" classname="test.testclass"/>
  <system-out/>
</testsuite> <!-- test.testclass -->
